<?xml version="1.0" encoding="UTF-8"?>
<testng-results ignored="0" total="1" passed="1" failed="0" skipped="0">
  <reporter-output>
  </reporter-output>
  <suite started-at="2025-05-11T05:12:02 IST" name="Default suite" finished-at="2025-05-11T05:12:11 IST" duration-ms="9302">
    <groups>
    </groups>
    <test started-at="2025-05-11T05:12:02 IST" name="Default test" finished-at="2025-05-11T05:12:11 IST" duration-ms="9302">
      <class name="test.TC_02">
        <test-method is-config="true" signature="setupReport()[pri:0, instance:test.TC_02@44c03695]" started-at="2025-05-11T05:12:01 IST" name="setupReport" finished-at="2025-05-11T05:12:02 IST" duration-ms="160" status="PASS">
          <reporter-output>
          </reporter-output>
        </test-method> <!-- setupReport -->
        <test-method is-config="true" signature="setup()[pri:0, instance:test.TC_02@44c03695]" started-at="2025-05-11T05:12:02 IST" name="setup" finished-at="2025-05-11T05:12:04 IST" duration-ms="1955" status="PASS">
          <reporter-output>
          </reporter-output>
        </test-method> <!-- setup -->
        <test-method signature="login(java.lang.String,java.lang.String)[pri:0, instance:test.TC_02@44c03695]" started-at="2025-05-11T05:12:04 IST" name="login" data-provider="LoginData" finished-at="2025-05-11T05:12:11 IST" duration-ms="6527" status="PASS">
          <params>
            <param index="0">
              <value>
                <![CDATA[standard_user]]>
              </value>
            </param>
            <param index="1">
              <value>
                <![CDATA[secret_sauce]]>
              </value>
            </param>
          </params>
          <reporter-output>
          </reporter-output>
        </test-method> <!-- login -->
        <test-method is-config="true" signature="teardown(org.testng.ITestResult)[pri:0, instance:test.TC_02@44c03695]" started-at="2025-05-11T05:12:11 IST" name="teardown" finished-at="2025-05-11T05:12:11 IST" duration-ms="149" status="PASS">
          <params>
            <param index="0">
              <value>
                <![CDATA[[TestResult name=login status=SUCCESS method=TC_02.login(java.lang.String,java.lang.String)[pri:0, instance:test.TC_02@44c03695] output={null}]]]>
              </value>
            </param>
          </params>
          <reporter-output>
          </reporter-output>
        </test-method> <!-- teardown -->
        <test-method is-config="true" signature="tearDownReport()[pri:0, instance:test.TC_02@44c03695]" started-at="2025-05-11T05:12:11 IST" name="tearDownReport" finished-at="2025-05-11T05:12:11 IST" duration-ms="227" status="PASS">
          <reporter-output>
          </reporter-output>
        </test-method> <!-- tearDownReport -->
      </class> <!-- test.TC_02 -->
    </test> <!-- Default test -->
  </suite> <!-- Default suite -->
</testng-results>
