<?xml version="1.0" encoding="UTF-8"?>
<testng-results ignored="0" total="1" passed="1" failed="0" skipped="0">
  <reporter-output>
  </reporter-output>
  <suite started-at="2025-05-04T03:32:40 IST" name="smoke" finished-at="2025-05-04T03:32:45 IST" duration-ms="4963">
    <groups>
    </groups>
    <test started-at="2025-05-04T03:32:40 IST" name="Nopackage" finished-at="2025-05-04T03:32:45 IST" duration-ms="4963">
      <class name="test.TC_01">
        <test-method is-config="true" signature="setup()[pri:0, instance:test.TC_01@34a3d150]" started-at="2025-05-04T03:32:40 IST" name="setup" finished-at="2025-05-04T03:32:44 IST" duration-ms="3942" status="PASS">
          <reporter-output>
          </reporter-output>
        </test-method> <!-- setup -->
        <test-method signature="login()[pri:0, instance:test.TC_01@34a3d150]" started-at="2025-05-04T03:32:44 IST" name="login" finished-at="2025-05-04T03:32:45 IST" duration-ms="782" status="PASS">
          <reporter-output>
          </reporter-output>
        </test-method> <!-- login -->
        <test-method is-config="true" signature="teardown()[pri:0, instance:test.TC_01@34a3d150]" started-at="2025-05-04T03:32:45 IST" name="teardown" finished-at="2025-05-04T03:32:45 IST" duration-ms="195" status="PASS">
          <reporter-output>
          </reporter-output>
        </test-method> <!-- teardown -->
      </class> <!-- test.TC_01 -->
    </test> <!-- Nopackage -->
  </suite> <!-- smoke -->
</testng-results>
